   0  $accept : programa $end

   1  programa : elementos

   2  elementos : elemento
   3            | elementos elemento

   4  elemento : funcion
   5           | struct
   6           | atributo

   7  funcion : "IDENT" '(' parametrosOpt ')' ':' tipo '{' sentencias '}'
   8          | "IDENT" '(' parametrosOpt ')' '{' sentencias '}'

   9  parametrosOpt : parametros
  10                |

  11  parametros : "IDENT" ':' tipo
  12             | parametros ',' "IDENT" ':' tipo

  13  tipo : "IDENT"
  14       | "INT"
  15       | "REAL"
  16       | "CHAR"
  17       | '[' "LITERALINT" ']' tipo

  18  struct : "STRUCT" "IDENT" '{' definiciones '}' ';'

  19  atributo : "VAR" definicion

  20  definiciones : definicion
  21               | definiciones definicion

  22  definicion : "IDENT" ':' tipo ';'

  23  sentencias : sentencias sentencia
  24             |

  25  sentencia : "VAR" definicion
  26            | "READ" expresion ';'
  27            | "PRINT" expresion ';'
  28            | "WHILE" '(' expresion ')' '{' sentencias '}'
  29            | "IF" '(' expresion ')' '{' sentencias '}'
  30            | "IF" '(' expresion ')' '{' sentencias '}' "ELSE" '{' sentencias '}'
  31            | expresion '=' expresion ';'
  32            | "RETURN" expresion ';'
  33            | "RETURN" ';'
  34            | invocacionMetodo ';'

  35  expresion : "LITERALINT"
  36            | "LITERALREAL"
  37            | "LITERALCHAR"
  38            | "IDENT"
  39            | expresion '+' expresion
  40            | expresion '-' expresion
  41            | expresion '/' expresion
  42            | expresion '*' expresion
  43            | expresion '<' expresion
  44            | expresion '>' expresion
  45            | expresion "MENORIGUAL" expresion
  46            | expresion "MAYORIGUAL" expresion
  47            | expresion "IGUAL" expresion
  48            | expresion "DISTINTO" expresion
  49            | expresion "AND" expresion
  50            | expresion "OR" expresion
  51            | '!' expresion
  52            | "CAST" '<' tipo '>' '(' expresion ')'
  53            | '(' expresion ')'
  54            | expresion '[' expresion ']'
  55            | expresion '.' "IDENT"
  56            | invocacionMetodo

  57  invocacionMetodo : "IDENT" '(' valoresOpt ')'

  58  valoresOpt : valores
  59             |

  60  valores : expresion
  61          | valores ',' expresion

state 0
	$accept : . programa $end  (0)

	"IDENT"  shift 1
	"STRUCT"  shift 2
	"VAR"  shift 3
	.  error

	programa  goto 4
	elementos  goto 5
	elemento  goto 6
	funcion  goto 7
	struct  goto 8
	atributo  goto 9


state 1
	funcion : "IDENT" . '(' parametrosOpt ')' ':' tipo '{' sentencias '}'  (7)
	funcion : "IDENT" . '(' parametrosOpt ')' '{' sentencias '}'  (8)

	'('  shift 10
	.  error


state 2
	struct : "STRUCT" . "IDENT" '{' definiciones '}' ';'  (18)

	"IDENT"  shift 11
	.  error


state 3
	atributo : "VAR" . definicion  (19)

	"IDENT"  shift 12
	.  error

	definicion  goto 13


state 4
	$accept : programa . $end  (0)

	$end  accept


state 5
	programa : elementos .  (1)
	elementos : elementos . elemento  (3)

	"IDENT"  shift 1
	"STRUCT"  shift 2
	"VAR"  shift 3
	$end  reduce 1

	elemento  goto 14
	funcion  goto 7
	struct  goto 8
	atributo  goto 9


state 6
	elementos : elemento .  (2)

	.  reduce 2


state 7
	elemento : funcion .  (4)

	.  reduce 4


state 8
	elemento : struct .  (5)

	.  reduce 5


state 9
	elemento : atributo .  (6)

	.  reduce 6


state 10
	funcion : "IDENT" '(' . parametrosOpt ')' ':' tipo '{' sentencias '}'  (7)
	funcion : "IDENT" '(' . parametrosOpt ')' '{' sentencias '}'  (8)
	parametrosOpt : .  (10)

	"IDENT"  shift 15
	')'  reduce 10

	parametrosOpt  goto 16
	parametros  goto 17


state 11
	struct : "STRUCT" "IDENT" . '{' definiciones '}' ';'  (18)

	'{'  shift 18
	.  error


state 12
	definicion : "IDENT" . ':' tipo ';'  (22)

	':'  shift 19
	.  error


state 13
	atributo : "VAR" definicion .  (19)

	.  reduce 19


state 14
	elementos : elementos elemento .  (3)

	.  reduce 3


state 15
	parametros : "IDENT" . ':' tipo  (11)

	':'  shift 20
	.  error


state 16
	funcion : "IDENT" '(' parametrosOpt . ')' ':' tipo '{' sentencias '}'  (7)
	funcion : "IDENT" '(' parametrosOpt . ')' '{' sentencias '}'  (8)

	')'  shift 21
	.  error


state 17
	parametrosOpt : parametros .  (9)
	parametros : parametros . ',' "IDENT" ':' tipo  (12)

	','  shift 22
	')'  reduce 9


state 18
	struct : "STRUCT" "IDENT" '{' . definiciones '}' ';'  (18)

	"IDENT"  shift 12
	.  error

	definiciones  goto 23
	definicion  goto 24


state 19
	definicion : "IDENT" ':' . tipo ';'  (22)

	'['  shift 25
	"IDENT"  shift 26
	"INT"  shift 27
	"REAL"  shift 28
	"CHAR"  shift 29
	.  error

	tipo  goto 30


state 20
	parametros : "IDENT" ':' . tipo  (11)

	'['  shift 25
	"IDENT"  shift 26
	"INT"  shift 27
	"REAL"  shift 28
	"CHAR"  shift 29
	.  error

	tipo  goto 31


state 21
	funcion : "IDENT" '(' parametrosOpt ')' . ':' tipo '{' sentencias '}'  (7)
	funcion : "IDENT" '(' parametrosOpt ')' . '{' sentencias '}'  (8)

	':'  shift 32
	'{'  shift 33
	.  error


state 22
	parametros : parametros ',' . "IDENT" ':' tipo  (12)

	"IDENT"  shift 34
	.  error


state 23
	struct : "STRUCT" "IDENT" '{' definiciones . '}' ';'  (18)
	definiciones : definiciones . definicion  (21)

	"IDENT"  shift 12
	'}'  shift 35
	.  error

	definicion  goto 36


state 24
	definiciones : definicion .  (20)

	.  reduce 20


state 25
	tipo : '[' . "LITERALINT" ']' tipo  (17)

	"LITERALINT"  shift 37
	.  error


state 26
	tipo : "IDENT" .  (13)

	.  reduce 13


state 27
	tipo : "INT" .  (14)

	.  reduce 14


state 28
	tipo : "REAL" .  (15)

	.  reduce 15


state 29
	tipo : "CHAR" .  (16)

	.  reduce 16


state 30
	definicion : "IDENT" ':' tipo . ';'  (22)

	';'  shift 38
	.  error


state 31
	parametros : "IDENT" ':' tipo .  (11)

	.  reduce 11


state 32
	funcion : "IDENT" '(' parametrosOpt ')' ':' . tipo '{' sentencias '}'  (7)

	'['  shift 25
	"IDENT"  shift 26
	"INT"  shift 27
	"REAL"  shift 28
	"CHAR"  shift 29
	.  error

	tipo  goto 39


state 33
	funcion : "IDENT" '(' parametrosOpt ')' '{' . sentencias '}'  (8)
	sentencias : .  (24)

	.  reduce 24

	sentencias  goto 40


state 34
	parametros : parametros ',' "IDENT" . ':' tipo  (12)

	':'  shift 41
	.  error


state 35
	struct : "STRUCT" "IDENT" '{' definiciones '}' . ';'  (18)

	';'  shift 42
	.  error


state 36
	definiciones : definiciones definicion .  (21)

	.  reduce 21


state 37
	tipo : '[' "LITERALINT" . ']' tipo  (17)

	']'  shift 43
	.  error


state 38
	definicion : "IDENT" ':' tipo ';' .  (22)

	.  reduce 22


state 39
	funcion : "IDENT" '(' parametrosOpt ')' ':' tipo . '{' sentencias '}'  (7)

	'{'  shift 44
	.  error


state 40
	funcion : "IDENT" '(' parametrosOpt ')' '{' sentencias . '}'  (8)
	sentencias : sentencias . sentencia  (23)

	'!'  shift 45
	"IDENT"  shift 46
	'('  shift 47
	'}'  shift 48
	"LITERALINT"  shift 49
	"VAR"  shift 50
	"READ"  shift 51
	"PRINT"  shift 52
	"WHILE"  shift 53
	"IF"  shift 54
	"RETURN"  shift 55
	"LITERALREAL"  shift 56
	"LITERALCHAR"  shift 57
	"CAST"  shift 58
	.  error

	sentencia  goto 59
	expresion  goto 60
	invocacionMetodo  goto 61


state 41
	parametros : parametros ',' "IDENT" ':' . tipo  (12)

	'['  shift 25
	"IDENT"  shift 26
	"INT"  shift 27
	"REAL"  shift 28
	"CHAR"  shift 29
	.  error

	tipo  goto 62


state 42
	struct : "STRUCT" "IDENT" '{' definiciones '}' ';' .  (18)

	.  reduce 18


state 43
	tipo : '[' "LITERALINT" ']' . tipo  (17)

	'['  shift 25
	"IDENT"  shift 26
	"INT"  shift 27
	"REAL"  shift 28
	"CHAR"  shift 29
	.  error

	tipo  goto 63


state 44
	funcion : "IDENT" '(' parametrosOpt ')' ':' tipo '{' . sentencias '}'  (7)
	sentencias : .  (24)

	.  reduce 24

	sentencias  goto 64


state 45
	expresion : '!' . expresion  (51)

	'!'  shift 45
	"IDENT"  shift 46
	'('  shift 47
	"LITERALINT"  shift 49
	"LITERALREAL"  shift 56
	"LITERALCHAR"  shift 57
	"CAST"  shift 58
	.  error

	expresion  goto 65
	invocacionMetodo  goto 66


state 46
	expresion : "IDENT" .  (38)
	invocacionMetodo : "IDENT" . '(' valoresOpt ')'  (57)

	'('  shift 67
	'+'  reduce 38
	'-'  reduce 38
	'*'  reduce 38
	'/'  reduce 38
	','  reduce 38
	'<'  reduce 38
	'>'  reduce 38
	'['  reduce 38
	'.'  reduce 38
	"MENORIGUAL"  reduce 38
	"MAYORIGUAL"  reduce 38
	"IGUAL"  reduce 38
	"DISTINTO"  reduce 38
	"AND"  reduce 38
	"OR"  reduce 38
	')'  reduce 38
	']'  reduce 38
	';'  reduce 38
	'='  reduce 38


state 47
	expresion : '(' . expresion ')'  (53)

	'!'  shift 45
	"IDENT"  shift 46
	'('  shift 47
	"LITERALINT"  shift 49
	"LITERALREAL"  shift 56
	"LITERALCHAR"  shift 57
	"CAST"  shift 58
	.  error

	expresion  goto 68
	invocacionMetodo  goto 66


state 48
	funcion : "IDENT" '(' parametrosOpt ')' '{' sentencias '}' .  (8)

	.  reduce 8


state 49
	expresion : "LITERALINT" .  (35)

	.  reduce 35


state 50
	sentencia : "VAR" . definicion  (25)

	"IDENT"  shift 12
	.  error

	definicion  goto 69


state 51
	sentencia : "READ" . expresion ';'  (26)

	'!'  shift 45
	"IDENT"  shift 46
	'('  shift 47
	"LITERALINT"  shift 49
	"LITERALREAL"  shift 56
	"LITERALCHAR"  shift 57
	"CAST"  shift 58
	.  error

	expresion  goto 70
	invocacionMetodo  goto 66


state 52
	sentencia : "PRINT" . expresion ';'  (27)

	'!'  shift 45
	"IDENT"  shift 46
	'('  shift 47
	"LITERALINT"  shift 49
	"LITERALREAL"  shift 56
	"LITERALCHAR"  shift 57
	"CAST"  shift 58
	.  error

	expresion  goto 71
	invocacionMetodo  goto 66


state 53
	sentencia : "WHILE" . '(' expresion ')' '{' sentencias '}'  (28)

	'('  shift 72
	.  error


state 54
	sentencia : "IF" . '(' expresion ')' '{' sentencias '}'  (29)
	sentencia : "IF" . '(' expresion ')' '{' sentencias '}' "ELSE" '{' sentencias '}'  (30)

	'('  shift 73
	.  error


state 55
	sentencia : "RETURN" . expresion ';'  (32)
	sentencia : "RETURN" . ';'  (33)

	'!'  shift 45
	"IDENT"  shift 46
	'('  shift 47
	"LITERALINT"  shift 49
	';'  shift 74
	"LITERALREAL"  shift 56
	"LITERALCHAR"  shift 57
	"CAST"  shift 58
	.  error

	expresion  goto 75
	invocacionMetodo  goto 66


state 56
	expresion : "LITERALREAL" .  (36)

	.  reduce 36


state 57
	expresion : "LITERALCHAR" .  (37)

	.  reduce 37


state 58
	expresion : "CAST" . '<' tipo '>' '(' expresion ')'  (52)

	'<'  shift 76
	.  error


state 59
	sentencias : sentencias sentencia .  (23)

	.  reduce 23


state 60
	sentencia : expresion . '=' expresion ';'  (31)
	expresion : expresion . '+' expresion  (39)
	expresion : expresion . '-' expresion  (40)
	expresion : expresion . '/' expresion  (41)
	expresion : expresion . '*' expresion  (42)
	expresion : expresion . '<' expresion  (43)
	expresion : expresion . '>' expresion  (44)
	expresion : expresion . "MENORIGUAL" expresion  (45)
	expresion : expresion . "MAYORIGUAL" expresion  (46)
	expresion : expresion . "IGUAL" expresion  (47)
	expresion : expresion . "DISTINTO" expresion  (48)
	expresion : expresion . "AND" expresion  (49)
	expresion : expresion . "OR" expresion  (50)
	expresion : expresion . '[' expresion ']'  (54)
	expresion : expresion . '.' "IDENT"  (55)

	'+'  shift 77
	'-'  shift 78
	'*'  shift 79
	'/'  shift 80
	'<'  shift 81
	'>'  shift 82
	'['  shift 83
	'.'  shift 84
	"MENORIGUAL"  shift 85
	"MAYORIGUAL"  shift 86
	"IGUAL"  shift 87
	"DISTINTO"  shift 88
	"AND"  shift 89
	"OR"  shift 90
	'='  shift 91
	.  error


state 61
	sentencia : invocacionMetodo . ';'  (34)
	expresion : invocacionMetodo .  (56)

	';'  shift 92
	'+'  reduce 56
	'-'  reduce 56
	'*'  reduce 56
	'/'  reduce 56
	'<'  reduce 56
	'>'  reduce 56
	'['  reduce 56
	'.'  reduce 56
	"MENORIGUAL"  reduce 56
	"MAYORIGUAL"  reduce 56
	"IGUAL"  reduce 56
	"DISTINTO"  reduce 56
	"AND"  reduce 56
	"OR"  reduce 56
	'='  reduce 56


state 62
	parametros : parametros ',' "IDENT" ':' tipo .  (12)

	.  reduce 12


state 63
	tipo : '[' "LITERALINT" ']' tipo .  (17)

	.  reduce 17


state 64
	funcion : "IDENT" '(' parametrosOpt ')' ':' tipo '{' sentencias . '}'  (7)
	sentencias : sentencias . sentencia  (23)

	'!'  shift 45
	"IDENT"  shift 46
	'('  shift 47
	'}'  shift 93
	"LITERALINT"  shift 49
	"VAR"  shift 50
	"READ"  shift 51
	"PRINT"  shift 52
	"WHILE"  shift 53
	"IF"  shift 54
	"RETURN"  shift 55
	"LITERALREAL"  shift 56
	"LITERALCHAR"  shift 57
	"CAST"  shift 58
	.  error

	sentencia  goto 59
	expresion  goto 60
	invocacionMetodo  goto 61


state 65
	expresion : expresion . '+' expresion  (39)
	expresion : expresion . '-' expresion  (40)
	expresion : expresion . '/' expresion  (41)
	expresion : expresion . '*' expresion  (42)
	expresion : expresion . '<' expresion  (43)
	expresion : expresion . '>' expresion  (44)
	expresion : expresion . "MENORIGUAL" expresion  (45)
	expresion : expresion . "MAYORIGUAL" expresion  (46)
	expresion : expresion . "IGUAL" expresion  (47)
	expresion : expresion . "DISTINTO" expresion  (48)
	expresion : expresion . "AND" expresion  (49)
	expresion : expresion . "OR" expresion  (50)
	expresion : '!' expresion .  (51)
	expresion : expresion . '[' expresion ']'  (54)
	expresion : expresion . '.' "IDENT"  (55)

	.  reduce 51


state 66
	expresion : invocacionMetodo .  (56)

	.  reduce 56


state 67
	invocacionMetodo : "IDENT" '(' . valoresOpt ')'  (57)
	valoresOpt : .  (59)

	'!'  shift 45
	"IDENT"  shift 46
	'('  shift 47
	"LITERALINT"  shift 49
	"LITERALREAL"  shift 56
	"LITERALCHAR"  shift 57
	"CAST"  shift 58
	')'  reduce 59

	expresion  goto 94
	invocacionMetodo  goto 66
	valoresOpt  goto 95
	valores  goto 96


state 68
	expresion : expresion . '+' expresion  (39)
	expresion : expresion . '-' expresion  (40)
	expresion : expresion . '/' expresion  (41)
	expresion : expresion . '*' expresion  (42)
	expresion : expresion . '<' expresion  (43)
	expresion : expresion . '>' expresion  (44)
	expresion : expresion . "MENORIGUAL" expresion  (45)
	expresion : expresion . "MAYORIGUAL" expresion  (46)
	expresion : expresion . "IGUAL" expresion  (47)
	expresion : expresion . "DISTINTO" expresion  (48)
	expresion : expresion . "AND" expresion  (49)
	expresion : expresion . "OR" expresion  (50)
	expresion : '(' expresion . ')'  (53)
	expresion : expresion . '[' expresion ']'  (54)
	expresion : expresion . '.' "IDENT"  (55)

	'+'  shift 77
	'-'  shift 78
	'*'  shift 79
	'/'  shift 80
	'<'  shift 81
	'>'  shift 82
	'['  shift 83
	'.'  shift 84
	"MENORIGUAL"  shift 85
	"MAYORIGUAL"  shift 86
	"IGUAL"  shift 87
	"DISTINTO"  shift 88
	"AND"  shift 89
	"OR"  shift 90
	')'  shift 97
	.  error


state 69
	sentencia : "VAR" definicion .  (25)

	.  reduce 25


state 70
	sentencia : "READ" expresion . ';'  (26)
	expresion : expresion . '+' expresion  (39)
	expresion : expresion . '-' expresion  (40)
	expresion : expresion . '/' expresion  (41)
	expresion : expresion . '*' expresion  (42)
	expresion : expresion . '<' expresion  (43)
	expresion : expresion . '>' expresion  (44)
	expresion : expresion . "MENORIGUAL" expresion  (45)
	expresion : expresion . "MAYORIGUAL" expresion  (46)
	expresion : expresion . "IGUAL" expresion  (47)
	expresion : expresion . "DISTINTO" expresion  (48)
	expresion : expresion . "AND" expresion  (49)
	expresion : expresion . "OR" expresion  (50)
	expresion : expresion . '[' expresion ']'  (54)
	expresion : expresion . '.' "IDENT"  (55)

	'+'  shift 77
	'-'  shift 78
	'*'  shift 79
	'/'  shift 80
	'<'  shift 81
	'>'  shift 82
	'['  shift 83
	'.'  shift 84
	"MENORIGUAL"  shift 85
	"MAYORIGUAL"  shift 86
	"IGUAL"  shift 87
	"DISTINTO"  shift 88
	"AND"  shift 89
	"OR"  shift 90
	';'  shift 98
	.  error


state 71
	sentencia : "PRINT" expresion . ';'  (27)
	expresion : expresion . '+' expresion  (39)
	expresion : expresion . '-' expresion  (40)
	expresion : expresion . '/' expresion  (41)
	expresion : expresion . '*' expresion  (42)
	expresion : expresion . '<' expresion  (43)
	expresion : expresion . '>' expresion  (44)
	expresion : expresion . "MENORIGUAL" expresion  (45)
	expresion : expresion . "MAYORIGUAL" expresion  (46)
	expresion : expresion . "IGUAL" expresion  (47)
	expresion : expresion . "DISTINTO" expresion  (48)
	expresion : expresion . "AND" expresion  (49)
	expresion : expresion . "OR" expresion  (50)
	expresion : expresion . '[' expresion ']'  (54)
	expresion : expresion . '.' "IDENT"  (55)

	'+'  shift 77
	'-'  shift 78
	'*'  shift 79
	'/'  shift 80
	'<'  shift 81
	'>'  shift 82
	'['  shift 83
	'.'  shift 84
	"MENORIGUAL"  shift 85
	"MAYORIGUAL"  shift 86
	"IGUAL"  shift 87
	"DISTINTO"  shift 88
	"AND"  shift 89
	"OR"  shift 90
	';'  shift 99
	.  error


state 72
	sentencia : "WHILE" '(' . expresion ')' '{' sentencias '}'  (28)

	'!'  shift 45
	"IDENT"  shift 46
	'('  shift 47
	"LITERALINT"  shift 49
	"LITERALREAL"  shift 56
	"LITERALCHAR"  shift 57
	"CAST"  shift 58
	.  error

	expresion  goto 100
	invocacionMetodo  goto 66


state 73
	sentencia : "IF" '(' . expresion ')' '{' sentencias '}'  (29)
	sentencia : "IF" '(' . expresion ')' '{' sentencias '}' "ELSE" '{' sentencias '}'  (30)

	'!'  shift 45
	"IDENT"  shift 46
	'('  shift 47
	"LITERALINT"  shift 49
	"LITERALREAL"  shift 56
	"LITERALCHAR"  shift 57
	"CAST"  shift 58
	.  error

	expresion  goto 101
	invocacionMetodo  goto 66


state 74
	sentencia : "RETURN" ';' .  (33)

	.  reduce 33


state 75
	sentencia : "RETURN" expresion . ';'  (32)
	expresion : expresion . '+' expresion  (39)
	expresion : expresion . '-' expresion  (40)
	expresion : expresion . '/' expresion  (41)
	expresion : expresion . '*' expresion  (42)
	expresion : expresion . '<' expresion  (43)
	expresion : expresion . '>' expresion  (44)
	expresion : expresion . "MENORIGUAL" expresion  (45)
	expresion : expresion . "MAYORIGUAL" expresion  (46)
	expresion : expresion . "IGUAL" expresion  (47)
	expresion : expresion . "DISTINTO" expresion  (48)
	expresion : expresion . "AND" expresion  (49)
	expresion : expresion . "OR" expresion  (50)
	expresion : expresion . '[' expresion ']'  (54)
	expresion : expresion . '.' "IDENT"  (55)

	'+'  shift 77
	'-'  shift 78
	'*'  shift 79
	'/'  shift 80
	'<'  shift 81
	'>'  shift 82
	'['  shift 83
	'.'  shift 84
	"MENORIGUAL"  shift 85
	"MAYORIGUAL"  shift 86
	"IGUAL"  shift 87
	"DISTINTO"  shift 88
	"AND"  shift 89
	"OR"  shift 90
	';'  shift 102
	.  error


state 76
	expresion : "CAST" '<' . tipo '>' '(' expresion ')'  (52)

	'['  shift 25
	"IDENT"  shift 26
	"INT"  shift 27
	"REAL"  shift 28
	"CHAR"  shift 29
	.  error

	tipo  goto 103


state 77
	expresion : expresion '+' . expresion  (39)

	'!'  shift 45
	"IDENT"  shift 46
	'('  shift 47
	"LITERALINT"  shift 49
	"LITERALREAL"  shift 56
	"LITERALCHAR"  shift 57
	"CAST"  shift 58
	.  error

	expresion  goto 104
	invocacionMetodo  goto 66


state 78
	expresion : expresion '-' . expresion  (40)

	'!'  shift 45
	"IDENT"  shift 46
	'('  shift 47
	"LITERALINT"  shift 49
	"LITERALREAL"  shift 56
	"LITERALCHAR"  shift 57
	"CAST"  shift 58
	.  error

	expresion  goto 105
	invocacionMetodo  goto 66


state 79
	expresion : expresion '*' . expresion  (42)

	'!'  shift 45
	"IDENT"  shift 46
	'('  shift 47
	"LITERALINT"  shift 49
	"LITERALREAL"  shift 56
	"LITERALCHAR"  shift 57
	"CAST"  shift 58
	.  error

	expresion  goto 106
	invocacionMetodo  goto 66


state 80
	expresion : expresion '/' . expresion  (41)

	'!'  shift 45
	"IDENT"  shift 46
	'('  shift 47
	"LITERALINT"  shift 49
	"LITERALREAL"  shift 56
	"LITERALCHAR"  shift 57
	"CAST"  shift 58
	.  error

	expresion  goto 107
	invocacionMetodo  goto 66


state 81
	expresion : expresion '<' . expresion  (43)

	'!'  shift 45
	"IDENT"  shift 46
	'('  shift 47
	"LITERALINT"  shift 49
	"LITERALREAL"  shift 56
	"LITERALCHAR"  shift 57
	"CAST"  shift 58
	.  error

	expresion  goto 108
	invocacionMetodo  goto 66


state 82
	expresion : expresion '>' . expresion  (44)

	'!'  shift 45
	"IDENT"  shift 46
	'('  shift 47
	"LITERALINT"  shift 49
	"LITERALREAL"  shift 56
	"LITERALCHAR"  shift 57
	"CAST"  shift 58
	.  error

	expresion  goto 109
	invocacionMetodo  goto 66


state 83
	expresion : expresion '[' . expresion ']'  (54)

	'!'  shift 45
	"IDENT"  shift 46
	'('  shift 47
	"LITERALINT"  shift 49
	"LITERALREAL"  shift 56
	"LITERALCHAR"  shift 57
	"CAST"  shift 58
	.  error

	expresion  goto 110
	invocacionMetodo  goto 66


state 84
	expresion : expresion '.' . "IDENT"  (55)

	"IDENT"  shift 111
	.  error


state 85
	expresion : expresion "MENORIGUAL" . expresion  (45)

	'!'  shift 45
	"IDENT"  shift 46
	'('  shift 47
	"LITERALINT"  shift 49
	"LITERALREAL"  shift 56
	"LITERALCHAR"  shift 57
	"CAST"  shift 58
	.  error

	expresion  goto 112
	invocacionMetodo  goto 66


state 86
	expresion : expresion "MAYORIGUAL" . expresion  (46)

	'!'  shift 45
	"IDENT"  shift 46
	'('  shift 47
	"LITERALINT"  shift 49
	"LITERALREAL"  shift 56
	"LITERALCHAR"  shift 57
	"CAST"  shift 58
	.  error

	expresion  goto 113
	invocacionMetodo  goto 66


state 87
	expresion : expresion "IGUAL" . expresion  (47)

	'!'  shift 45
	"IDENT"  shift 46
	'('  shift 47
	"LITERALINT"  shift 49
	"LITERALREAL"  shift 56
	"LITERALCHAR"  shift 57
	"CAST"  shift 58
	.  error

	expresion  goto 114
	invocacionMetodo  goto 66


state 88
	expresion : expresion "DISTINTO" . expresion  (48)

	'!'  shift 45
	"IDENT"  shift 46
	'('  shift 47
	"LITERALINT"  shift 49
	"LITERALREAL"  shift 56
	"LITERALCHAR"  shift 57
	"CAST"  shift 58
	.  error

	expresion  goto 115
	invocacionMetodo  goto 66


state 89
	expresion : expresion "AND" . expresion  (49)

	'!'  shift 45
	"IDENT"  shift 46
	'('  shift 47
	"LITERALINT"  shift 49
	"LITERALREAL"  shift 56
	"LITERALCHAR"  shift 57
	"CAST"  shift 58
	.  error

	expresion  goto 116
	invocacionMetodo  goto 66


state 90
	expresion : expresion "OR" . expresion  (50)

	'!'  shift 45
	"IDENT"  shift 46
	'('  shift 47
	"LITERALINT"  shift 49
	"LITERALREAL"  shift 56
	"LITERALCHAR"  shift 57
	"CAST"  shift 58
	.  error

	expresion  goto 117
	invocacionMetodo  goto 66


state 91
	sentencia : expresion '=' . expresion ';'  (31)

	'!'  shift 45
	"IDENT"  shift 46
	'('  shift 47
	"LITERALINT"  shift 49
	"LITERALREAL"  shift 56
	"LITERALCHAR"  shift 57
	"CAST"  shift 58
	.  error

	expresion  goto 118
	invocacionMetodo  goto 66


state 92
	sentencia : invocacionMetodo ';' .  (34)

	.  reduce 34


state 93
	funcion : "IDENT" '(' parametrosOpt ')' ':' tipo '{' sentencias '}' .  (7)

	.  reduce 7


state 94
	expresion : expresion . '+' expresion  (39)
	expresion : expresion . '-' expresion  (40)
	expresion : expresion . '/' expresion  (41)
	expresion : expresion . '*' expresion  (42)
	expresion : expresion . '<' expresion  (43)
	expresion : expresion . '>' expresion  (44)
	expresion : expresion . "MENORIGUAL" expresion  (45)
	expresion : expresion . "MAYORIGUAL" expresion  (46)
	expresion : expresion . "IGUAL" expresion  (47)
	expresion : expresion . "DISTINTO" expresion  (48)
	expresion : expresion . "AND" expresion  (49)
	expresion : expresion . "OR" expresion  (50)
	expresion : expresion . '[' expresion ']'  (54)
	expresion : expresion . '.' "IDENT"  (55)
	valores : expresion .  (60)

	'+'  shift 77
	'-'  shift 78
	'*'  shift 79
	'/'  shift 80
	'<'  shift 81
	'>'  shift 82
	'['  shift 83
	'.'  shift 84
	"MENORIGUAL"  shift 85
	"MAYORIGUAL"  shift 86
	"IGUAL"  shift 87
	"DISTINTO"  shift 88
	"AND"  shift 89
	"OR"  shift 90
	','  reduce 60
	')'  reduce 60


state 95
	invocacionMetodo : "IDENT" '(' valoresOpt . ')'  (57)

	')'  shift 119
	.  error


state 96
	valoresOpt : valores .  (58)
	valores : valores . ',' expresion  (61)

	','  shift 120
	')'  reduce 58


state 97
	expresion : '(' expresion ')' .  (53)

	.  reduce 53


state 98
	sentencia : "READ" expresion ';' .  (26)

	.  reduce 26


state 99
	sentencia : "PRINT" expresion ';' .  (27)

	.  reduce 27


state 100
	sentencia : "WHILE" '(' expresion . ')' '{' sentencias '}'  (28)
	expresion : expresion . '+' expresion  (39)
	expresion : expresion . '-' expresion  (40)
	expresion : expresion . '/' expresion  (41)
	expresion : expresion . '*' expresion  (42)
	expresion : expresion . '<' expresion  (43)
	expresion : expresion . '>' expresion  (44)
	expresion : expresion . "MENORIGUAL" expresion  (45)
	expresion : expresion . "MAYORIGUAL" expresion  (46)
	expresion : expresion . "IGUAL" expresion  (47)
	expresion : expresion . "DISTINTO" expresion  (48)
	expresion : expresion . "AND" expresion  (49)
	expresion : expresion . "OR" expresion  (50)
	expresion : expresion . '[' expresion ']'  (54)
	expresion : expresion . '.' "IDENT"  (55)

	'+'  shift 77
	'-'  shift 78
	'*'  shift 79
	'/'  shift 80
	'<'  shift 81
	'>'  shift 82
	'['  shift 83
	'.'  shift 84
	"MENORIGUAL"  shift 85
	"MAYORIGUAL"  shift 86
	"IGUAL"  shift 87
	"DISTINTO"  shift 88
	"AND"  shift 89
	"OR"  shift 90
	')'  shift 121
	.  error


state 101
	sentencia : "IF" '(' expresion . ')' '{' sentencias '}'  (29)
	sentencia : "IF" '(' expresion . ')' '{' sentencias '}' "ELSE" '{' sentencias '}'  (30)
	expresion : expresion . '+' expresion  (39)
	expresion : expresion . '-' expresion  (40)
	expresion : expresion . '/' expresion  (41)
	expresion : expresion . '*' expresion  (42)
	expresion : expresion . '<' expresion  (43)
	expresion : expresion . '>' expresion  (44)
	expresion : expresion . "MENORIGUAL" expresion  (45)
	expresion : expresion . "MAYORIGUAL" expresion  (46)
	expresion : expresion . "IGUAL" expresion  (47)
	expresion : expresion . "DISTINTO" expresion  (48)
	expresion : expresion . "AND" expresion  (49)
	expresion : expresion . "OR" expresion  (50)
	expresion : expresion . '[' expresion ']'  (54)
	expresion : expresion . '.' "IDENT"  (55)

	'+'  shift 77
	'-'  shift 78
	'*'  shift 79
	'/'  shift 80
	'<'  shift 81
	'>'  shift 82
	'['  shift 83
	'.'  shift 84
	"MENORIGUAL"  shift 85
	"MAYORIGUAL"  shift 86
	"IGUAL"  shift 87
	"DISTINTO"  shift 88
	"AND"  shift 89
	"OR"  shift 90
	')'  shift 122
	.  error


state 102
	sentencia : "RETURN" expresion ';' .  (32)

	.  reduce 32


state 103
	expresion : "CAST" '<' tipo . '>' '(' expresion ')'  (52)

	'>'  shift 123
	.  error


state 104
	expresion : expresion . '+' expresion  (39)
	expresion : expresion '+' expresion .  (39)
	expresion : expresion . '-' expresion  (40)
	expresion : expresion . '/' expresion  (41)
	expresion : expresion . '*' expresion  (42)
	expresion : expresion . '<' expresion  (43)
	expresion : expresion . '>' expresion  (44)
	expresion : expresion . "MENORIGUAL" expresion  (45)
	expresion : expresion . "MAYORIGUAL" expresion  (46)
	expresion : expresion . "IGUAL" expresion  (47)
	expresion : expresion . "DISTINTO" expresion  (48)
	expresion : expresion . "AND" expresion  (49)
	expresion : expresion . "OR" expresion  (50)
	expresion : expresion . '[' expresion ']'  (54)
	expresion : expresion . '.' "IDENT"  (55)

	'*'  shift 79
	'/'  shift 80
	'<'  shift 81
	'>'  shift 82
	'['  shift 83
	'.'  shift 84
	"MENORIGUAL"  shift 85
	"MAYORIGUAL"  shift 86
	"IGUAL"  shift 87
	"DISTINTO"  shift 88
	"AND"  shift 89
	"OR"  shift 90
	'+'  reduce 39
	'-'  reduce 39
	','  reduce 39
	')'  reduce 39
	']'  reduce 39
	';'  reduce 39
	'='  reduce 39


state 105
	expresion : expresion . '+' expresion  (39)
	expresion : expresion . '-' expresion  (40)
	expresion : expresion '-' expresion .  (40)
	expresion : expresion . '/' expresion  (41)
	expresion : expresion . '*' expresion  (42)
	expresion : expresion . '<' expresion  (43)
	expresion : expresion . '>' expresion  (44)
	expresion : expresion . "MENORIGUAL" expresion  (45)
	expresion : expresion . "MAYORIGUAL" expresion  (46)
	expresion : expresion . "IGUAL" expresion  (47)
	expresion : expresion . "DISTINTO" expresion  (48)
	expresion : expresion . "AND" expresion  (49)
	expresion : expresion . "OR" expresion  (50)
	expresion : expresion . '[' expresion ']'  (54)
	expresion : expresion . '.' "IDENT"  (55)

	'*'  shift 79
	'/'  shift 80
	'<'  shift 81
	'>'  shift 82
	'['  shift 83
	'.'  shift 84
	"MENORIGUAL"  shift 85
	"MAYORIGUAL"  shift 86
	"IGUAL"  shift 87
	"DISTINTO"  shift 88
	"AND"  shift 89
	"OR"  shift 90
	'+'  reduce 40
	'-'  reduce 40
	','  reduce 40
	')'  reduce 40
	']'  reduce 40
	';'  reduce 40
	'='  reduce 40


state 106
	expresion : expresion . '+' expresion  (39)
	expresion : expresion . '-' expresion  (40)
	expresion : expresion . '/' expresion  (41)
	expresion : expresion . '*' expresion  (42)
	expresion : expresion '*' expresion .  (42)
	expresion : expresion . '<' expresion  (43)
	expresion : expresion . '>' expresion  (44)
	expresion : expresion . "MENORIGUAL" expresion  (45)
	expresion : expresion . "MAYORIGUAL" expresion  (46)
	expresion : expresion . "IGUAL" expresion  (47)
	expresion : expresion . "DISTINTO" expresion  (48)
	expresion : expresion . "AND" expresion  (49)
	expresion : expresion . "OR" expresion  (50)
	expresion : expresion . '[' expresion ']'  (54)
	expresion : expresion . '.' "IDENT"  (55)

	'<'  shift 81
	'>'  shift 82
	'['  shift 83
	'.'  shift 84
	"MENORIGUAL"  shift 85
	"MAYORIGUAL"  shift 86
	"IGUAL"  shift 87
	"DISTINTO"  shift 88
	"AND"  shift 89
	"OR"  shift 90
	'+'  reduce 42
	'-'  reduce 42
	'*'  reduce 42
	'/'  reduce 42
	','  reduce 42
	')'  reduce 42
	']'  reduce 42
	';'  reduce 42
	'='  reduce 42


state 107
	expresion : expresion . '+' expresion  (39)
	expresion : expresion . '-' expresion  (40)
	expresion : expresion . '/' expresion  (41)
	expresion : expresion '/' expresion .  (41)
	expresion : expresion . '*' expresion  (42)
	expresion : expresion . '<' expresion  (43)
	expresion : expresion . '>' expresion  (44)
	expresion : expresion . "MENORIGUAL" expresion  (45)
	expresion : expresion . "MAYORIGUAL" expresion  (46)
	expresion : expresion . "IGUAL" expresion  (47)
	expresion : expresion . "DISTINTO" expresion  (48)
	expresion : expresion . "AND" expresion  (49)
	expresion : expresion . "OR" expresion  (50)
	expresion : expresion . '[' expresion ']'  (54)
	expresion : expresion . '.' "IDENT"  (55)

	'<'  shift 81
	'>'  shift 82
	'['  shift 83
	'.'  shift 84
	"MENORIGUAL"  shift 85
	"MAYORIGUAL"  shift 86
	"IGUAL"  shift 87
	"DISTINTO"  shift 88
	"AND"  shift 89
	"OR"  shift 90
	'+'  reduce 41
	'-'  reduce 41
	'*'  reduce 41
	'/'  reduce 41
	','  reduce 41
	')'  reduce 41
	']'  reduce 41
	';'  reduce 41
	'='  reduce 41


state 108
	expresion : expresion . '+' expresion  (39)
	expresion : expresion . '-' expresion  (40)
	expresion : expresion . '/' expresion  (41)
	expresion : expresion . '*' expresion  (42)
	expresion : expresion . '<' expresion  (43)
	expresion : expresion '<' expresion .  (43)
	expresion : expresion . '>' expresion  (44)
	expresion : expresion . "MENORIGUAL" expresion  (45)
	expresion : expresion . "MAYORIGUAL" expresion  (46)
	expresion : expresion . "IGUAL" expresion  (47)
	expresion : expresion . "DISTINTO" expresion  (48)
	expresion : expresion . "AND" expresion  (49)
	expresion : expresion . "OR" expresion  (50)
	expresion : expresion . '[' expresion ']'  (54)
	expresion : expresion . '.' "IDENT"  (55)

	"MENORIGUAL"  shift 85
	"MAYORIGUAL"  shift 86
	"IGUAL"  shift 87
	"DISTINTO"  shift 88
	"AND"  shift 89
	"OR"  shift 90
	'+'  reduce 43
	'-'  reduce 43
	'*'  reduce 43
	'/'  reduce 43
	','  reduce 43
	'<'  reduce 43
	'>'  reduce 43
	'['  reduce 43
	'.'  reduce 43
	')'  reduce 43
	']'  reduce 43
	';'  reduce 43
	'='  reduce 43


state 109
	expresion : expresion . '+' expresion  (39)
	expresion : expresion . '-' expresion  (40)
	expresion : expresion . '/' expresion  (41)
	expresion : expresion . '*' expresion  (42)
	expresion : expresion . '<' expresion  (43)
	expresion : expresion . '>' expresion  (44)
	expresion : expresion '>' expresion .  (44)
	expresion : expresion . "MENORIGUAL" expresion  (45)
	expresion : expresion . "MAYORIGUAL" expresion  (46)
	expresion : expresion . "IGUAL" expresion  (47)
	expresion : expresion . "DISTINTO" expresion  (48)
	expresion : expresion . "AND" expresion  (49)
	expresion : expresion . "OR" expresion  (50)
	expresion : expresion . '[' expresion ']'  (54)
	expresion : expresion . '.' "IDENT"  (55)

	"MENORIGUAL"  shift 85
	"MAYORIGUAL"  shift 86
	"IGUAL"  shift 87
	"DISTINTO"  shift 88
	"AND"  shift 89
	"OR"  shift 90
	'+'  reduce 44
	'-'  reduce 44
	'*'  reduce 44
	'/'  reduce 44
	','  reduce 44
	'<'  reduce 44
	'>'  reduce 44
	'['  reduce 44
	'.'  reduce 44
	')'  reduce 44
	']'  reduce 44
	';'  reduce 44
	'='  reduce 44


state 110
	expresion : expresion . '+' expresion  (39)
	expresion : expresion . '-' expresion  (40)
	expresion : expresion . '/' expresion  (41)
	expresion : expresion . '*' expresion  (42)
	expresion : expresion . '<' expresion  (43)
	expresion : expresion . '>' expresion  (44)
	expresion : expresion . "MENORIGUAL" expresion  (45)
	expresion : expresion . "MAYORIGUAL" expresion  (46)
	expresion : expresion . "IGUAL" expresion  (47)
	expresion : expresion . "DISTINTO" expresion  (48)
	expresion : expresion . "AND" expresion  (49)
	expresion : expresion . "OR" expresion  (50)
	expresion : expresion . '[' expresion ']'  (54)
	expresion : expresion '[' expresion . ']'  (54)
	expresion : expresion . '.' "IDENT"  (55)

	'+'  shift 77
	'-'  shift 78
	'*'  shift 79
	'/'  shift 80
	'<'  shift 81
	'>'  shift 82
	'['  shift 83
	'.'  shift 84
	"MENORIGUAL"  shift 85
	"MAYORIGUAL"  shift 86
	"IGUAL"  shift 87
	"DISTINTO"  shift 88
	"AND"  shift 89
	"OR"  shift 90
	']'  shift 124
	.  error


state 111
	expresion : expresion '.' "IDENT" .  (55)

	.  reduce 55


state 112
	expresion : expresion . '+' expresion  (39)
	expresion : expresion . '-' expresion  (40)
	expresion : expresion . '/' expresion  (41)
	expresion : expresion . '*' expresion  (42)
	expresion : expresion . '<' expresion  (43)
	expresion : expresion . '>' expresion  (44)
	expresion : expresion . "MENORIGUAL" expresion  (45)
	expresion : expresion "MENORIGUAL" expresion .  (45)
	expresion : expresion . "MAYORIGUAL" expresion  (46)
	expresion : expresion . "IGUAL" expresion  (47)
	expresion : expresion . "DISTINTO" expresion  (48)
	expresion : expresion . "AND" expresion  (49)
	expresion : expresion . "OR" expresion  (50)
	expresion : expresion . '[' expresion ']'  (54)
	expresion : expresion . '.' "IDENT"  (55)

	.  reduce 45


state 113
	expresion : expresion . '+' expresion  (39)
	expresion : expresion . '-' expresion  (40)
	expresion : expresion . '/' expresion  (41)
	expresion : expresion . '*' expresion  (42)
	expresion : expresion . '<' expresion  (43)
	expresion : expresion . '>' expresion  (44)
	expresion : expresion . "MENORIGUAL" expresion  (45)
	expresion : expresion . "MAYORIGUAL" expresion  (46)
	expresion : expresion "MAYORIGUAL" expresion .  (46)
	expresion : expresion . "IGUAL" expresion  (47)
	expresion : expresion . "DISTINTO" expresion  (48)
	expresion : expresion . "AND" expresion  (49)
	expresion : expresion . "OR" expresion  (50)
	expresion : expresion . '[' expresion ']'  (54)
	expresion : expresion . '.' "IDENT"  (55)

	.  reduce 46


state 114
	expresion : expresion . '+' expresion  (39)
	expresion : expresion . '-' expresion  (40)
	expresion : expresion . '/' expresion  (41)
	expresion : expresion . '*' expresion  (42)
	expresion : expresion . '<' expresion  (43)
	expresion : expresion . '>' expresion  (44)
	expresion : expresion . "MENORIGUAL" expresion  (45)
	expresion : expresion . "MAYORIGUAL" expresion  (46)
	expresion : expresion . "IGUAL" expresion  (47)
	expresion : expresion "IGUAL" expresion .  (47)
	expresion : expresion . "DISTINTO" expresion  (48)
	expresion : expresion . "AND" expresion  (49)
	expresion : expresion . "OR" expresion  (50)
	expresion : expresion . '[' expresion ']'  (54)
	expresion : expresion . '.' "IDENT"  (55)

	.  reduce 47


state 115
	expresion : expresion . '+' expresion  (39)
	expresion : expresion . '-' expresion  (40)
	expresion : expresion . '/' expresion  (41)
	expresion : expresion . '*' expresion  (42)
	expresion : expresion . '<' expresion  (43)
	expresion : expresion . '>' expresion  (44)
	expresion : expresion . "MENORIGUAL" expresion  (45)
	expresion : expresion . "MAYORIGUAL" expresion  (46)
	expresion : expresion . "IGUAL" expresion  (47)
	expresion : expresion . "DISTINTO" expresion  (48)
	expresion : expresion "DISTINTO" expresion .  (48)
	expresion : expresion . "AND" expresion  (49)
	expresion : expresion . "OR" expresion  (50)
	expresion : expresion . '[' expresion ']'  (54)
	expresion : expresion . '.' "IDENT"  (55)

	.  reduce 48


state 116
	expresion : expresion . '+' expresion  (39)
	expresion : expresion . '-' expresion  (40)
	expresion : expresion . '/' expresion  (41)
	expresion : expresion . '*' expresion  (42)
	expresion : expresion . '<' expresion  (43)
	expresion : expresion . '>' expresion  (44)
	expresion : expresion . "MENORIGUAL" expresion  (45)
	expresion : expresion . "MAYORIGUAL" expresion  (46)
	expresion : expresion . "IGUAL" expresion  (47)
	expresion : expresion . "DISTINTO" expresion  (48)
	expresion : expresion . "AND" expresion  (49)
	expresion : expresion "AND" expresion .  (49)
	expresion : expresion . "OR" expresion  (50)
	expresion : expresion . '[' expresion ']'  (54)
	expresion : expresion . '.' "IDENT"  (55)

	.  reduce 49


state 117
	expresion : expresion . '+' expresion  (39)
	expresion : expresion . '-' expresion  (40)
	expresion : expresion . '/' expresion  (41)
	expresion : expresion . '*' expresion  (42)
	expresion : expresion . '<' expresion  (43)
	expresion : expresion . '>' expresion  (44)
	expresion : expresion . "MENORIGUAL" expresion  (45)
	expresion : expresion . "MAYORIGUAL" expresion  (46)
	expresion : expresion . "IGUAL" expresion  (47)
	expresion : expresion . "DISTINTO" expresion  (48)
	expresion : expresion . "AND" expresion  (49)
	expresion : expresion . "OR" expresion  (50)
	expresion : expresion "OR" expresion .  (50)
	expresion : expresion . '[' expresion ']'  (54)
	expresion : expresion . '.' "IDENT"  (55)

	.  reduce 50


state 118
	sentencia : expresion '=' expresion . ';'  (31)
	expresion : expresion . '+' expresion  (39)
	expresion : expresion . '-' expresion  (40)
	expresion : expresion . '/' expresion  (41)
	expresion : expresion . '*' expresion  (42)
	expresion : expresion . '<' expresion  (43)
	expresion : expresion . '>' expresion  (44)
	expresion : expresion . "MENORIGUAL" expresion  (45)
	expresion : expresion . "MAYORIGUAL" expresion  (46)
	expresion : expresion . "IGUAL" expresion  (47)
	expresion : expresion . "DISTINTO" expresion  (48)
	expresion : expresion . "AND" expresion  (49)
	expresion : expresion . "OR" expresion  (50)
	expresion : expresion . '[' expresion ']'  (54)
	expresion : expresion . '.' "IDENT"  (55)

	'+'  shift 77
	'-'  shift 78
	'*'  shift 79
	'/'  shift 80
	'<'  shift 81
	'>'  shift 82
	'['  shift 83
	'.'  shift 84
	"MENORIGUAL"  shift 85
	"MAYORIGUAL"  shift 86
	"IGUAL"  shift 87
	"DISTINTO"  shift 88
	"AND"  shift 89
	"OR"  shift 90
	';'  shift 125
	.  error


state 119
	invocacionMetodo : "IDENT" '(' valoresOpt ')' .  (57)

	.  reduce 57


state 120
	valores : valores ',' . expresion  (61)

	'!'  shift 45
	"IDENT"  shift 46
	'('  shift 47
	"LITERALINT"  shift 49
	"LITERALREAL"  shift 56
	"LITERALCHAR"  shift 57
	"CAST"  shift 58
	.  error

	expresion  goto 126
	invocacionMetodo  goto 66


state 121
	sentencia : "WHILE" '(' expresion ')' . '{' sentencias '}'  (28)

	'{'  shift 127
	.  error


state 122
	sentencia : "IF" '(' expresion ')' . '{' sentencias '}'  (29)
	sentencia : "IF" '(' expresion ')' . '{' sentencias '}' "ELSE" '{' sentencias '}'  (30)

	'{'  shift 128
	.  error


state 123
	expresion : "CAST" '<' tipo '>' . '(' expresion ')'  (52)

	'('  shift 129
	.  error


state 124
	expresion : expresion '[' expresion ']' .  (54)

	.  reduce 54


state 125
	sentencia : expresion '=' expresion ';' .  (31)

	.  reduce 31


state 126
	expresion : expresion . '+' expresion  (39)
	expresion : expresion . '-' expresion  (40)
	expresion : expresion . '/' expresion  (41)
	expresion : expresion . '*' expresion  (42)
	expresion : expresion . '<' expresion  (43)
	expresion : expresion . '>' expresion  (44)
	expresion : expresion . "MENORIGUAL" expresion  (45)
	expresion : expresion . "MAYORIGUAL" expresion  (46)
	expresion : expresion . "IGUAL" expresion  (47)
	expresion : expresion . "DISTINTO" expresion  (48)
	expresion : expresion . "AND" expresion  (49)
	expresion : expresion . "OR" expresion  (50)
	expresion : expresion . '[' expresion ']'  (54)
	expresion : expresion . '.' "IDENT"  (55)
	valores : valores ',' expresion .  (61)

	'+'  shift 77
	'-'  shift 78
	'*'  shift 79
	'/'  shift 80
	'<'  shift 81
	'>'  shift 82
	'['  shift 83
	'.'  shift 84
	"MENORIGUAL"  shift 85
	"MAYORIGUAL"  shift 86
	"IGUAL"  shift 87
	"DISTINTO"  shift 88
	"AND"  shift 89
	"OR"  shift 90
	','  reduce 61
	')'  reduce 61


state 127
	sentencia : "WHILE" '(' expresion ')' '{' . sentencias '}'  (28)
	sentencias : .  (24)

	.  reduce 24

	sentencias  goto 130


state 128
	sentencia : "IF" '(' expresion ')' '{' . sentencias '}'  (29)
	sentencia : "IF" '(' expresion ')' '{' . sentencias '}' "ELSE" '{' sentencias '}'  (30)
	sentencias : .  (24)

	.  reduce 24

	sentencias  goto 131


state 129
	expresion : "CAST" '<' tipo '>' '(' . expresion ')'  (52)

	'!'  shift 45
	"IDENT"  shift 46
	'('  shift 47
	"LITERALINT"  shift 49
	"LITERALREAL"  shift 56
	"LITERALCHAR"  shift 57
	"CAST"  shift 58
	.  error

	expresion  goto 132
	invocacionMetodo  goto 66


state 130
	sentencias : sentencias . sentencia  (23)
	sentencia : "WHILE" '(' expresion ')' '{' sentencias . '}'  (28)

	'!'  shift 45
	"IDENT"  shift 46
	'('  shift 47
	'}'  shift 133
	"LITERALINT"  shift 49
	"VAR"  shift 50
	"READ"  shift 51
	"PRINT"  shift 52
	"WHILE"  shift 53
	"IF"  shift 54
	"RETURN"  shift 55
	"LITERALREAL"  shift 56
	"LITERALCHAR"  shift 57
	"CAST"  shift 58
	.  error

	sentencia  goto 59
	expresion  goto 60
	invocacionMetodo  goto 61


state 131
	sentencias : sentencias . sentencia  (23)
	sentencia : "IF" '(' expresion ')' '{' sentencias . '}'  (29)
	sentencia : "IF" '(' expresion ')' '{' sentencias . '}' "ELSE" '{' sentencias '}'  (30)

	'!'  shift 45
	"IDENT"  shift 46
	'('  shift 47
	'}'  shift 134
	"LITERALINT"  shift 49
	"VAR"  shift 50
	"READ"  shift 51
	"PRINT"  shift 52
	"WHILE"  shift 53
	"IF"  shift 54
	"RETURN"  shift 55
	"LITERALREAL"  shift 56
	"LITERALCHAR"  shift 57
	"CAST"  shift 58
	.  error

	sentencia  goto 59
	expresion  goto 60
	invocacionMetodo  goto 61


state 132
	expresion : expresion . '+' expresion  (39)
	expresion : expresion . '-' expresion  (40)
	expresion : expresion . '/' expresion  (41)
	expresion : expresion . '*' expresion  (42)
	expresion : expresion . '<' expresion  (43)
	expresion : expresion . '>' expresion  (44)
	expresion : expresion . "MENORIGUAL" expresion  (45)
	expresion : expresion . "MAYORIGUAL" expresion  (46)
	expresion : expresion . "IGUAL" expresion  (47)
	expresion : expresion . "DISTINTO" expresion  (48)
	expresion : expresion . "AND" expresion  (49)
	expresion : expresion . "OR" expresion  (50)
	expresion : "CAST" '<' tipo '>' '(' expresion . ')'  (52)
	expresion : expresion . '[' expresion ']'  (54)
	expresion : expresion . '.' "IDENT"  (55)

	'+'  shift 77
	'-'  shift 78
	'*'  shift 79
	'/'  shift 80
	'<'  shift 81
	'>'  shift 82
	'['  shift 83
	'.'  shift 84
	"MENORIGUAL"  shift 85
	"MAYORIGUAL"  shift 86
	"IGUAL"  shift 87
	"DISTINTO"  shift 88
	"AND"  shift 89
	"OR"  shift 90
	')'  shift 135
	.  error


state 133
	sentencia : "WHILE" '(' expresion ')' '{' sentencias '}' .  (28)

	.  reduce 28


state 134
	sentencia : "IF" '(' expresion ')' '{' sentencias '}' .  (29)
	sentencia : "IF" '(' expresion ')' '{' sentencias '}' . "ELSE" '{' sentencias '}'  (30)

	"ELSE"  shift 136
	'!'  reduce 29
	"IDENT"  reduce 29
	'('  reduce 29
	'}'  reduce 29
	"LITERALINT"  reduce 29
	"VAR"  reduce 29
	"READ"  reduce 29
	"PRINT"  reduce 29
	"WHILE"  reduce 29
	"IF"  reduce 29
	"RETURN"  reduce 29
	"LITERALREAL"  reduce 29
	"LITERALCHAR"  reduce 29
	"CAST"  reduce 29


state 135
	expresion : "CAST" '<' tipo '>' '(' expresion ')' .  (52)

	.  reduce 52


state 136
	sentencia : "IF" '(' expresion ')' '{' sentencias '}' "ELSE" . '{' sentencias '}'  (30)

	'{'  shift 137
	.  error


state 137
	sentencia : "IF" '(' expresion ')' '{' sentencias '}' "ELSE" '{' . sentencias '}'  (30)
	sentencias : .  (24)

	.  reduce 24

	sentencias  goto 138


state 138
	sentencias : sentencias . sentencia  (23)
	sentencia : "IF" '(' expresion ')' '{' sentencias '}' "ELSE" '{' sentencias . '}'  (30)

	'!'  shift 45
	"IDENT"  shift 46
	'('  shift 47
	'}'  shift 139
	"LITERALINT"  shift 49
	"VAR"  shift 50
	"READ"  shift 51
	"PRINT"  shift 52
	"WHILE"  shift 53
	"IF"  shift 54
	"RETURN"  shift 55
	"LITERALREAL"  shift 56
	"LITERALCHAR"  shift 57
	"CAST"  shift 58
	.  error

	sentencia  goto 59
	expresion  goto 60
	invocacionMetodo  goto 61


state 139
	sentencia : "IF" '(' expresion ')' '{' sentencias '}' "ELSE" '{' sentencias '}' .  (30)

	.  reduce 30


42 terminals, 18 nonterminals
62 grammar rules, 140 states
